2025-05-11 04:25:18 [info]: undefined
2025-05-11 04:25:18 [info]: undefined
2025-05-11 04:25:43 [info]: undefined
2025-05-11 04:30:36 [error]: [
  {
    "code": "invalid_type",
    "expected": "string",
    "received": "null",
    "path": [
      "token"
    ],
    "message": "Expected string, received null"
  }
]
2025-05-11 04:32:30 [error]: El campus no existe.
2025-05-11 04:32:31 [error]: El campus no existe.
2025-05-11 04:32:33 [error]: El campus no existe.
2025-05-11 04:32:37 [error]: El campus no existe.
2025-05-11 04:33:27 [error]: El campus no existe.
2025-05-11 04:33:28 [error]: El campus no existe.
2025-05-11 04:33:30 [error]: El campus no existe.
2025-05-11 04:33:35 [error]: El campus no existe.
2025-05-11 04:34:32 [error]: El campus no existe.
2025-05-11 04:34:33 [error]: El campus no existe.
2025-05-11 04:34:35 [error]: El campus no existe.
2025-05-11 04:34:39 [error]: El campus no existe.
2025-05-11 04:35:24 [error]: El campus no existe.
2025-05-11 04:35:25 [error]: El campus no existe.
2025-05-11 04:35:27 [error]: El campus no existe.
2025-05-11 04:35:28 [error]: El campus no existe.
2025-05-11 04:35:29 [error]: El campus no existe.
2025-05-11 04:35:30 [error]: El campus no existe.
2025-05-11 04:35:31 [error]: El campus no existe.
2025-05-11 04:35:33 [error]: El campus no existe.
2025-05-11 04:35:37 [error]: El campus no existe.
2025-05-11 04:37:26 [error]: El campus no existe.
2025-05-11 04:37:27 [error]: El campus no existe.
2025-05-11 04:37:29 [error]: El campus no existe.
2025-05-11 04:37:33 [error]: El campus no existe.
2025-05-11 04:39:04 [error]: El campus no existe.
2025-05-11 04:39:05 [error]: El campus no existe.
2025-05-11 04:39:07 [error]: El campus no existe.
2025-05-11 04:39:11 [error]: El campus no existe.
2025-05-11 04:41:37 [error]: Performing an update on the path '_id' would modify the immutable field '_id'
2025-05-11 04:41:40 [error]: Performing an update on the path '_id' would modify the immutable field '_id'
2025-05-11 04:42:05 [error]: Performing an update on the path '_id' would modify the immutable field '_id'
2025-05-11 04:42:06 [error]: Performing an update on the path '_id' would modify the immutable field '_id'
2025-05-11 04:42:08 [error]: Performing an update on the path '_id' would modify the immutable field '_id'
2025-08-26 05:04:42 [info]: undefined
2025-08-26 05:04:42 [info]: undefined
2025-08-26 05:04:47 [info]: undefined
2025-08-26 05:13:00 [error]: [
  {
    "code": "invalid_type",
    "expected": "string",
    "received": "null",
    "path": [
      "token"
    ],
    "message": "Expected string, received null"
  }
]
2025-09-10 21:53:03 [info]: undefined
2025-09-10 21:53:03 [info]: undefined
2025-09-10 21:53:04 [info]: undefined
2025-09-10 21:55:38 [error]: [
  {
    "code": "invalid_type",
    "expected": "string",
    "received": "null",
    "path": [
      "token"
    ],
    "message": "Expected string, received null"
  }
]
2025-09-11 02:39:15 [info]: undefined
2025-09-11 02:39:15 [info]: undefined
2025-09-11 02:39:25 [info]: undefined
2025-09-11 02:47:29 [error]: Usuario no encontrado.
2025-09-15 04:28:45 [info]: undefined
2025-09-15 04:28:45 [info]: undefined
2025-09-15 04:29:03 [info]: undefined
2025-09-15 04:34:15 [error]: [
  {
    "code": "invalid_type",
    "expected": "string",
    "received": "null",
    "path": [
      "token"
    ],
    "message": "Expected string, received null"
  }
]
2025-09-16 00:02:32 [info]: undefined
2025-09-16 00:02:32 [info]: undefined
2025-09-16 00:02:38 [info]: undefined
2025-09-17 19:37:16 [info]: undefined
2025-09-17 19:37:16 [info]: undefined
2025-09-17 19:37:17 [error]: undefined
2025-09-23 22:25:09 [info]: undefined
2025-09-23 22:25:09 [info]: undefined
2025-09-23 22:25:14 [info]: undefined
2025-09-23 23:25:53 [error]: [
  {
    "code": "invalid_type",
    "expected": "string",
    "received": "null",
    "path": [
      "token"
    ],
    "message": "Expected string, received null"
  }
]
2025-09-23 23:26:01 [error]: [
  {
    "code": "invalid_type",
    "expected": "string",
    "received": "null",
    "path": [
      "token"
    ],
    "message": "Expected string, received null"
  }
]
2025-09-24 22:28:33 [info]: undefined
2025-09-24 22:28:33 [info]: undefined
2025-09-24 22:28:38 [info]: undefined
2025-09-24 22:31:27 [info]: undefined
2025-09-24 22:31:27 [info]: undefined
2025-09-24 22:31:30 [info]: undefined
2025-09-25 21:12:12 [info]: undefined
2025-09-25 21:12:12 [info]: undefined
2025-09-25 21:12:22 [info]: undefined
2025-09-25 21:14:12 [error]: [
  {
    "code": "invalid_type",
    "expected": "string",
    "received": "null",
    "path": [
      "token"
    ],
    "message": "Expected string, received null"
  }
]
2025-11-03 04:33:41 [info]: undefined
2025-11-03 04:33:41 [info]: undefined
2025-11-03 04:33:51 [info]: undefined
2025-11-03 06:17:34 [info]: undefined
2025-11-03 06:17:34 [info]: undefined
2025-11-03 06:17:44 [info]: undefined
2025-11-03 06:46:54 [info]: undefined
2025-11-03 06:46:54 [info]: undefined
2025-11-03 06:47:05 [info]: undefined
2025-11-03 06:51:47 [info]: undefined
2025-11-03 06:51:47 [info]: undefined
2025-11-03 06:51:58 [info]: undefined
2025-11-03 06:52:48 [error]: [
  {
    "code": "invalid_type",
    "expected": "string",
    "received": "undefined",
    "path": [
      "username"
    ],
    "message": "Required"
  },
  {
    "code": "invalid_type",
    "expected": "string",
    "received": "undefined",
    "path": [
      "password"
    ],
    "message": "Required"
  },
  {
    "code": "invalid_type",
    "expected": "string",
    "received": "undefined",
    "path": [
      "nombres"
    ],
    "message": "Required"
  },
  {
    "code": "invalid_type",
    "expected": "string",
    "received": "undefined",
    "path": [
      "apellidos"
    ],
    "message": "Required"
  },
  {
    "expected": "'ADMIN' | 'ALUMNO' | 'PROFESOR'",
    "received": "undefined",
    "code": "invalid_type",
    "path": [
      "tipoUsuario"
    ],
    "message": "Required"
  }
]
2025-11-03 06:58:21 [info]: undefined
2025-11-03 06:58:21 [info]: undefined
2025-11-03 06:58:32 [info]: undefined
2025-11-03 07:01:00 [error]: El nombre de usuario o la contraseña son incorrectos
2025-11-03 07:01:23 [error]: El nombre de usuario o la contraseña son incorrectos
2025-11-03 07:04:42 [info]: undefined
2025-11-03 07:04:42 [info]: undefined
2025-11-03 07:04:53 [info]: undefined
2025-11-03 07:05:19 [error]: El nombre de usuario o la contraseña son incorrectos
2025-11-03 07:06:16 [error]: El nombre de usuario o la contraseña son incorrectos
2025-11-03 07:11:11 [error]: invalid token
2025-11-03 07:11:21 [error]: invalid token
2025-11-03 07:13:59 [info]: undefined
2025-11-03 07:13:59 [info]: undefined
2025-11-03 07:14:10 [info]: undefined
2025-11-03 07:16:18 [error]: El nombre de usuario o la contraseña son incorrectos
2025-11-03 07:16:34 [error]: El nombre de usuario o la contraseña son incorrectos
2025-11-03 07:32:00 [info]: undefined
2025-11-03 07:32:00 [info]: undefined
2025-11-03 07:32:10 [info]: undefined
2025-11-03 07:32:50 [info]: undefined
2025-11-03 07:32:50 [info]: undefined
2025-11-03 07:33:01 [info]: undefined
2025-11-03 07:33:12 [info]: undefined
2025-11-03 07:33:12 [info]: undefined
2025-11-03 07:33:24 [info]: undefined
2025-11-03 07:35:40 [info]: undefined
2025-11-03 07:35:40 [info]: undefined
2025-11-03 07:35:50 [info]: undefined
2025-11-03 07:38:56 [info]: undefined
2025-11-03 07:38:56 [info]: undefined
2025-11-03 07:39:07 [info]: undefined
2025-11-03 07:40:46 [info]: undefined
2025-11-03 07:40:46 [info]: undefined
2025-11-03 07:40:57 [info]: undefined
2025-11-03 07:47:10 [info]: undefined
2025-11-03 07:47:10 [info]: undefined
2025-11-03 07:47:21 [info]: undefined
2025-11-03 07:48:01 [info]: undefined
2025-11-03 07:48:01 [info]: undefined
2025-11-03 07:48:12 [info]: undefined
2025-11-03 07:48:41 [info]: undefined
2025-11-03 07:48:41 [info]: undefined
2025-11-03 07:48:52 [info]: undefined
2025-11-03 07:50:10 [info]: undefined
2025-11-03 07:50:10 [info]: undefined
2025-11-03 07:50:21 [info]: undefined
2025-11-03 16:30:06 [info]: undefined
2025-11-03 16:30:06 [info]: undefined
2025-11-03 16:30:14 [info]: undefined
2025-11-03 18:43:39 [error]: El nombre de usuario o la contraseña son incorrectos
2025-11-03 18:44:04 [error]: El nombre de usuario o la contraseña son incorrectos
2025-11-03 18:44:25 [error]: El nombre de usuario o la contraseña son incorrectos
2025-11-03 18:45:54 [error]: El nombre de usuario o la contraseña son incorrectos
2025-11-03 18:46:04 [error]: El nombre de usuario o la contraseña son incorrectos
2025-11-03 18:46:35 [error]: El nombre de usuario o la contraseña son incorrectos
2025-11-03 18:47:15 [error]: El nombre de usuario o la contraseña son incorrectos
2025-11-03 18:47:25 [error]: El nombre de usuario o la contraseña son incorrectos
2025-11-03 18:48:03 [info]: undefined
2025-11-03 18:48:03 [info]: undefined
2025-11-03 18:48:13 [info]: undefined
2025-11-03 18:48:35 [error]: Usuario validation failed: apellidos: Path `apellidos` is required.
2025-11-03 18:48:47 [error]: El nombre de usuario o la contraseña son incorrectos
2025-11-03 18:49:07 [error]: El nombre de usuario o la contraseña son incorrectos
2025-11-03 18:53:17 [error]: El nombre de usuario o la contraseña son incorrectos
2025-11-03 19:07:51 [error]: El nombre de usuario o la contraseña son incorrectos
2025-11-03 19:08:05 [error]: [
  {
    "code": "invalid_type",
    "expected": "object",
    "received": "undefined",
    "path": [],
    "message": "Required"
  }
]
2025-11-03 19:08:06 [error]: [
  {
    "code": "invalid_type",
    "expected": "object",
    "received": "undefined",
    "path": [],
    "message": "Required"
  }
]
2025-11-03 19:08:08 [error]: [
  {
    "code": "invalid_type",
    "expected": "object",
    "received": "undefined",
    "path": [],
    "message": "Required"
  }
]
2025-11-03 19:09:35 [error]: [
  {
    "code": "invalid_type",
    "expected": "object",
    "received": "undefined",
    "path": [],
    "message": "Required"
  }
]
2025-11-03 19:09:39 [error]: [
  {
    "code": "invalid_type",
    "expected": "object",
    "received": "undefined",
    "path": [],
    "message": "Required"
  }
]
2025-11-03 19:09:47 [error]: [
  {
    "code": "invalid_type",
    "expected": "object",
    "received": "undefined",
    "path": [],
    "message": "Required"
  }
]
2025-11-03 19:11:33 [error]: El nombre de usuario o la contraseña son incorrectos
2025-11-03 19:21:04 [info]: undefined
2025-11-03 19:21:04 [info]: undefined
2025-11-03 19:21:13 [info]: undefined
2025-11-03 19:21:30 [error]: Cannot read properties of undefined (reading '_parseAsync')
2025-11-03 19:22:22 [info]: undefined
2025-11-03 19:22:22 [info]: undefined
2025-11-03 19:22:32 [info]: undefined
2025-11-03 19:22:35 [error]: Cannot read properties of undefined (reading '_parseAsync')
2025-11-03 19:24:58 [info]: undefined
2025-11-03 19:24:58 [info]: undefined
2025-11-03 19:25:09 [info]: undefined
2025-11-03 22:03:33 [error]: El nombre de usuario o la contraseña son incorrectos
2025-11-04 01:09:06 [info]: undefined
2025-11-04 01:09:06 [info]: undefined
2025-11-04 01:09:16 [info]: undefined
2025-11-04 22:40:05 [error]: El nombre de usuario o la contraseña son incorrectos
2025-11-04 22:43:17 [error]: El nombre de usuario o la contraseña son incorrectos
2025-11-04 22:43:24 [error]: El nombre de usuario o la contraseña son incorrectos
2025-11-04 22:44:26 [error]: El nombre de usuario o la contraseña son incorrectos
2025-11-04 22:46:18 [error]: El nombre de usuario o la contraseña son incorrectos
2025-11-04 22:46:21 [error]: El nombre de usuario o la contraseña son incorrectos
2025-11-04 22:53:58 [error]: El nombre de usuario o la contraseña son incorrectos
2025-11-04 22:55:18 [error]: El nombre de usuario o la contraseña son incorrectos
2025-11-04 22:55:23 [error]: El nombre de usuario o la contraseña son incorrectos
2025-11-04 22:55:39 [error]: El nombre de usuario o la contraseña son incorrectos
2025-11-04 22:55:41 [error]: El nombre de usuario o la contraseña son incorrectos
2025-11-04 22:55:42 [error]: El nombre de usuario o la contraseña son incorrectos
2025-11-04 22:55:48 [error]: El nombre de usuario o la contraseña son incorrectos
2025-11-04 22:55:54 [error]: El nombre de usuario o la contraseña son incorrectos
2025-11-04 22:56:52 [error]: El nombre de usuario o la contraseña son incorrectos
2025-11-04 23:17:53 [info]: undefined
2025-11-04 23:17:53 [info]: undefined
2025-11-04 23:18:04 [info]: undefined
2025-11-04 23:19:14 [error]: El nombre de usuario o la contraseña son incorrectos
2025-11-04 23:19:19 [error]: El nombre de usuario o la contraseña son incorrectos
2025-11-04 23:19:23 [error]: El nombre de usuario o la contraseña son incorrectos
2025-11-04 23:19:25 [error]: El nombre de usuario o la contraseña son incorrectos
2025-11-04 23:19:29 [error]: El nombre de usuario o la contraseña son incorrectos
2025-11-04 23:19:50 [error]: El nombre de usuario o la contraseña son incorrectos
2025-11-04 23:20:03 [error]: El nombre de usuario o la contraseña son incorrectos
2025-11-04 23:20:10 [error]: El nombre de usuario o la contraseña son incorrectos
2025-11-04 23:21:15 [error]: El nombre de usuario o la contraseña son incorrectos
2025-11-04 23:21:34 [error]: El nombre de usuario o la contraseña son incorrectos
2025-11-04 23:22:14 [error]: El nombre de usuario o la contraseña son incorrectos
2025-11-04 23:22:16 [error]: El nombre de usuario o la contraseña son incorrectos
2025-11-04 23:22:17 [error]: El nombre de usuario o la contraseña son incorrectos
2025-11-04 23:23:44 [error]: El nombre de usuario o la contraseña son incorrectos
2025-11-04 23:24:16 [error]: El nombre de usuario o la contraseña son incorrectos
2025-11-04 23:25:51 [info]: undefined
2025-11-04 23:25:51 [info]: undefined
2025-11-04 23:26:01 [info]: undefined
2025-11-04 23:31:03 [error]: El nombre de usuario o la contraseña son incorrectos
2025-11-04 23:31:09 [error]: El nombre de usuario o la contraseña son incorrectos
2025-11-04 23:31:09 [error]: El nombre de usuario o la contraseña son incorrectos
2025-11-04 23:40:55 [error]: El nombre de usuario o la contraseña son incorrectos
2025-11-04 23:44:18 [error]: El nombre de usuario o la contraseña son incorrectos
2025-11-04 23:48:59 [error]: El nombre de usuario o la contraseña son incorrectos
2025-11-04 23:49:34 [error]: El nombre de usuario o la contraseña son incorrectos
2025-11-04 23:50:19 [error]: Cannot read properties of undefined (reading 'replace')
2025-11-04 23:50:26 [error]: El nombre de usuario o la contraseña son incorrectos
2025-11-04 23:50:27 [error]: El nombre de usuario o la contraseña son incorrectos
2025-11-04 23:50:33 [error]: El nombre de usuario o la contraseña son incorrectos
2025-11-05 00:00:10 [error]: Cannot read properties of undefined (reading 'replace')
2025-11-05 00:00:20 [error]: El nombre de usuario o la contraseña son incorrectos
2025-11-05 00:00:27 [error]: El nombre de usuario o la contraseña son incorrectos
2025-11-05 00:00:38 [error]: El nombre de usuario o la contraseña son incorrectos
2025-11-05 00:00:40 [error]: El nombre de usuario o la contraseña son incorrectos
2025-11-05 00:01:03 [error]: Cannot read properties of undefined (reading 'replace')
2025-11-05 00:01:12 [error]: El nombre de usuario o la contraseña son incorrectos
2025-11-05 15:15:33 [error]: Cannot read properties of undefined (reading 'replace')
2025-11-05 15:15:44 [error]: El nombre de usuario o la contraseña son incorrectos
2025-11-05 15:15:59 [error]: El nombre de usuario o la contraseña son incorrectos
2025-11-05 15:16:29 [error]: Cannot read properties of undefined (reading 'replace')
2025-11-05 15:17:46 [error]: El nombre de usuario o la contraseña son incorrectos
2025-11-05 15:19:44 [error]: El nombre de usuario o la contraseña son incorrectos
2025-11-05 19:46:39 [info]: undefined
2025-11-05 19:46:39 [info]: undefined
2025-11-05 19:46:49 [info]: undefined
2025-11-13 20:13:06 [info]: undefined
2025-11-13 20:13:06 [info]: undefined
2025-11-13 20:13:12 [error]: [
  {
    "code": "invalid_type",
    "expected": "object",
    "received": "undefined",
    "path": [],
    "message": "Required"
  }
]
2025-11-13 20:13:14 [error]: [
  {
    "code": "invalid_type",
    "expected": "object",
    "received": "undefined",
    "path": [],
    "message": "Required"
  }
]
2025-11-13 20:13:16 [error]: [
  {
    "code": "invalid_type",
    "expected": "object",
    "received": "undefined",
    "path": [],
    "message": "Required"
  }
]
2025-11-13 20:13:16 [info]: undefined
2025-11-16 06:09:07 [info]: undefined
2025-11-16 06:09:07 [info]: undefined
2025-11-16 06:09:17 [info]: undefined
2025-11-23 06:17:00 [info]: undefined
2025-11-23 06:17:00 [info]: undefined
2025-11-23 06:17:08 [info]: undefined
2025-11-25 16:21:47 [info]: undefined
2025-11-25 16:21:47 [info]: undefined
2025-11-25 16:21:59 [info]: undefined
2025-11-25 16:31:41 [error]: [
  {
    "code": "invalid_type",
    "expected": "object",
    "received": "undefined",
    "path": [],
    "message": "Required"
  }
]
2025-11-25 16:31:42 [error]: [
  {
    "code": "invalid_type",
    "expected": "object",
    "received": "undefined",
    "path": [],
    "message": "Required"
  }
]
2025-11-25 16:31:44 [error]: [
  {
    "code": "invalid_type",
    "expected": "object",
    "received": "undefined",
    "path": [],
    "message": "Required"
  }
]
2025-11-25 16:31:48 [error]: [
  {
    "code": "invalid_type",
    "expected": "object",
    "received": "undefined",
    "path": [],
    "message": "Required"
  }
]
2025-11-25 16:31:52 [error]: [
  {
    "code": "invalid_type",
    "expected": "object",
    "received": "undefined",
    "path": [],
    "message": "Required"
  }
]
2025-11-25 16:31:53 [error]: [
  {
    "code": "invalid_type",
    "expected": "object",
    "received": "undefined",
    "path": [],
    "message": "Required"
  }
]
2025-11-25 16:31:55 [error]: [
  {
    "code": "invalid_type",
    "expected": "object",
    "received": "undefined",
    "path": [],
    "message": "Required"
  }
]
2025-11-25 16:31:57 [error]: [
  {
    "code": "invalid_type",
    "expected": "object",
    "received": "undefined",
    "path": [],
    "message": "Required"
  }
]
2025-11-25 16:31:58 [error]: [
  {
    "code": "invalid_type",
    "expected": "object",
    "received": "undefined",
    "path": [],
    "message": "Required"
  }
]
2025-11-25 16:32:00 [error]: [
  {
    "code": "invalid_type",
    "expected": "object",
    "received": "undefined",
    "path": [],
    "message": "Required"
  }
]
2025-11-26 16:34:52 [info]: undefined
2025-11-26 16:34:52 [info]: undefined
2025-11-26 16:34:52 [info]: undefined
2025-11-26 16:35:32 [error]: Usuario no encontrado.
2025-11-26 17:16:38 [info]: undefined
2025-11-26 17:16:38 [info]: undefined
2025-11-26 17:16:39 [info]: undefined
2025-11-26 17:24:15 [info]: undefined
2025-11-26 17:24:15 [info]: undefined
2025-11-26 17:24:15 [info]: undefined
2025-11-26 17:25:47 [info]: undefined
2025-11-26 17:25:47 [info]: undefined
2025-11-26 17:25:47 [info]: undefined
2025-11-26 17:35:14 [error]: No se pudo enviar el correo de recuperación.
2025-11-26 17:37:49 [info]: undefined
2025-11-26 17:37:49 [info]: undefined
2025-11-26 17:37:49 [info]: undefined
2025-11-26 17:37:59 [error]: No se pudo enviar el correo de recuperación.
2025-11-26 17:40:07 [info]: undefined
2025-11-26 17:40:07 [info]: undefined
2025-11-26 17:40:07 [info]: undefined
2025-11-26 17:47:59 [error]: El nombre de usuario o la contraseña son incorrectos
2025-11-26 17:48:02 [error]: El nombre de usuario o la contraseña son incorrectos
2025-11-26 20:07:41 [info]: undefined
2025-11-26 20:07:41 [info]: undefined
2025-11-26 20:07:41 [info]: undefined
2025-11-26 20:09:06 [info]: undefined
2025-11-26 20:09:06 [info]: undefined
2025-11-26 20:09:06 [info]: undefined
2025-11-26 20:09:51 [info]: undefined
2025-11-26 20:09:51 [info]: undefined
2025-11-26 20:09:51 [info]: undefined
2025-11-27 04:08:12 [info]: undefined
2025-11-27 04:08:12 [info]: undefined
2025-11-27 04:08:12 [info]: undefined
2025-11-27 04:19:46 [info]: undefined
2025-11-27 04:19:46 [info]: undefined
2025-11-27 04:19:47 [info]: undefined
2025-12-01 04:48:43 [info]: undefined
2025-12-01 04:48:43 [info]: undefined
2025-12-01 04:48:51 [info]: undefined
2025-12-01 04:49:05 [error]: No autorizado
2025-12-01 04:49:11 [error]: No autorizado
2025-12-01 04:49:20 [error]: No autorizado
2025-12-01 04:49:40 [error]: [
  {
    "code": "invalid_type",
    "expected": "object",
    "received": "undefined",
    "path": [],
    "message": "Required"
  }
]
2025-12-01 04:49:41 [error]: [
  {
    "code": "invalid_type",
    "expected": "object",
    "received": "undefined",
    "path": [],
    "message": "Required"
  }
]
2025-12-01 04:49:48 [error]: [
  {
    "code": "invalid_type",
    "expected": "object",
    "received": "undefined",
    "path": [],
    "message": "Required"
  }
]
2025-12-02 00:47:58 [info]: undefined
2025-12-02 00:47:58 [info]: undefined
2025-12-02 00:48:10 [info]: undefined
2025-12-02 00:48:22 [info]: undefined
2025-12-02 00:48:22 [info]: undefined
2025-12-02 00:48:22 [info]: undefined
2025-12-02 00:57:31 [error]: [
  {
    "code": "invalid_type",
    "expected": "object",
    "received": "undefined",
    "path": [],
    "message": "Required"
  }
]
2025-12-02 00:57:32 [error]: [
  {
    "code": "invalid_type",
    "expected": "object",
    "received": "undefined",
    "path": [],
    "message": "Required"
  }
]
2025-12-02 00:57:34 [error]: [
  {
    "code": "invalid_type",
    "expected": "object",
    "received": "undefined",
    "path": [],
    "message": "Required"
  }
]
2025-12-02 00:57:39 [error]: [
  {
    "code": "invalid_type",
    "expected": "object",
    "received": "undefined",
    "path": [],
    "message": "Required"
  }
]
2025-12-02 01:00:33 [info]: undefined
2025-12-02 01:00:33 [info]: undefined
2025-12-02 01:00:33 [info]: undefined
2025-12-02 01:01:13 [info]: undefined
2025-12-02 01:01:13 [info]: undefined
2025-12-02 01:01:13 [info]: undefined
2025-12-02 05:10:35 [info]: undefined
2025-12-02 05:10:35 [info]: undefined
2025-12-02 05:10:45 [info]: undefined
2025-12-03 18:56:26 [error]: El nombre de usuario o la contraseña son incorrectos
2025-12-03 19:06:19 [info]: undefined
2025-12-03 19:06:19 [info]: undefined
2025-12-03 19:06:29 [info]: undefined
