2025-05-11 04:30:36 [error]: [
  {
    "code": "invalid_type",
    "expected": "string",
    "received": "null",
    "path": [
      "token"
    ],
    "message": "Expected string, received null"
  }
]
2025-05-11 04:32:30 [error]: El campus no existe.
2025-05-11 04:32:31 [error]: El campus no existe.
2025-05-11 04:32:33 [error]: El campus no existe.
2025-05-11 04:32:37 [error]: El campus no existe.
2025-05-11 04:33:27 [error]: El campus no existe.
2025-05-11 04:33:28 [error]: El campus no existe.
2025-05-11 04:33:30 [error]: El campus no existe.
2025-05-11 04:33:35 [error]: El campus no existe.
2025-05-11 04:34:32 [error]: El campus no existe.
2025-05-11 04:34:33 [error]: El campus no existe.
2025-05-11 04:34:35 [error]: El campus no existe.
2025-05-11 04:34:39 [error]: El campus no existe.
2025-05-11 04:35:24 [error]: El campus no existe.
2025-05-11 04:35:25 [error]: El campus no existe.
2025-05-11 04:35:27 [error]: El campus no existe.
2025-05-11 04:35:28 [error]: El campus no existe.
2025-05-11 04:35:29 [error]: El campus no existe.
2025-05-11 04:35:30 [error]: El campus no existe.
2025-05-11 04:35:31 [error]: El campus no existe.
2025-05-11 04:35:33 [error]: El campus no existe.
2025-05-11 04:35:37 [error]: El campus no existe.
2025-05-11 04:37:26 [error]: El campus no existe.
2025-05-11 04:37:27 [error]: El campus no existe.
2025-05-11 04:37:29 [error]: El campus no existe.
2025-05-11 04:37:33 [error]: El campus no existe.
2025-05-11 04:39:04 [error]: El campus no existe.
2025-05-11 04:39:05 [error]: El campus no existe.
2025-05-11 04:39:07 [error]: El campus no existe.
2025-05-11 04:39:11 [error]: El campus no existe.
2025-05-11 04:41:37 [error]: Performing an update on the path '_id' would modify the immutable field '_id'
2025-05-11 04:41:40 [error]: Performing an update on the path '_id' would modify the immutable field '_id'
2025-05-11 04:42:05 [error]: Performing an update on the path '_id' would modify the immutable field '_id'
2025-05-11 04:42:06 [error]: Performing an update on the path '_id' would modify the immutable field '_id'
2025-05-11 04:42:08 [error]: Performing an update on the path '_id' would modify the immutable field '_id'
2025-08-26 05:13:00 [error]: [
  {
    "code": "invalid_type",
    "expected": "string",
    "received": "null",
    "path": [
      "token"
    ],
    "message": "Expected string, received null"
  }
]
2025-09-10 21:55:38 [error]: [
  {
    "code": "invalid_type",
    "expected": "string",
    "received": "null",
    "path": [
      "token"
    ],
    "message": "Expected string, received null"
  }
]
2025-09-11 02:47:29 [error]: Usuario no encontrado.
2025-09-15 04:34:15 [error]: [
  {
    "code": "invalid_type",
    "expected": "string",
    "received": "null",
    "path": [
      "token"
    ],
    "message": "Expected string, received null"
  }
]
2025-09-17 19:37:17 [error]: undefined
2025-09-23 23:25:53 [error]: [
  {
    "code": "invalid_type",
    "expected": "string",
    "received": "null",
    "path": [
      "token"
    ],
    "message": "Expected string, received null"
  }
]
2025-09-23 23:26:01 [error]: [
  {
    "code": "invalid_type",
    "expected": "string",
    "received": "null",
    "path": [
      "token"
    ],
    "message": "Expected string, received null"
  }
]
2025-09-25 21:14:12 [error]: [
  {
    "code": "invalid_type",
    "expected": "string",
    "received": "null",
    "path": [
      "token"
    ],
    "message": "Expected string, received null"
  }
]
2025-11-03 06:52:48 [error]: [
  {
    "code": "invalid_type",
    "expected": "string",
    "received": "undefined",
    "path": [
      "username"
    ],
    "message": "Required"
  },
  {
    "code": "invalid_type",
    "expected": "string",
    "received": "undefined",
    "path": [
      "password"
    ],
    "message": "Required"
  },
  {
    "code": "invalid_type",
    "expected": "string",
    "received": "undefined",
    "path": [
      "nombres"
    ],
    "message": "Required"
  },
  {
    "code": "invalid_type",
    "expected": "string",
    "received": "undefined",
    "path": [
      "apellidos"
    ],
    "message": "Required"
  },
  {
    "expected": "'ADMIN' | 'ALUMNO' | 'PROFESOR'",
    "received": "undefined",
    "code": "invalid_type",
    "path": [
      "tipoUsuario"
    ],
    "message": "Required"
  }
]
2025-11-03 07:01:00 [error]: El nombre de usuario o la contraseña son incorrectos
2025-11-03 07:01:23 [error]: El nombre de usuario o la contraseña son incorrectos
2025-11-03 07:05:19 [error]: El nombre de usuario o la contraseña son incorrectos
2025-11-03 07:06:16 [error]: El nombre de usuario o la contraseña son incorrectos
2025-11-03 07:11:11 [error]: invalid token
2025-11-03 07:11:21 [error]: invalid token
2025-11-03 07:16:18 [error]: El nombre de usuario o la contraseña son incorrectos
2025-11-03 07:16:34 [error]: El nombre de usuario o la contraseña son incorrectos
2025-11-03 18:43:39 [error]: El nombre de usuario o la contraseña son incorrectos
2025-11-03 18:44:04 [error]: El nombre de usuario o la contraseña son incorrectos
2025-11-03 18:44:25 [error]: El nombre de usuario o la contraseña son incorrectos
2025-11-03 18:45:54 [error]: El nombre de usuario o la contraseña son incorrectos
2025-11-03 18:46:04 [error]: El nombre de usuario o la contraseña son incorrectos
2025-11-03 18:46:35 [error]: El nombre de usuario o la contraseña son incorrectos
2025-11-03 18:47:15 [error]: El nombre de usuario o la contraseña son incorrectos
2025-11-03 18:47:25 [error]: El nombre de usuario o la contraseña son incorrectos
2025-11-03 18:48:35 [error]: Usuario validation failed: apellidos: Path `apellidos` is required.
2025-11-03 18:48:47 [error]: El nombre de usuario o la contraseña son incorrectos
2025-11-03 18:49:07 [error]: El nombre de usuario o la contraseña son incorrectos
2025-11-03 18:53:17 [error]: El nombre de usuario o la contraseña son incorrectos
2025-11-03 19:07:51 [error]: El nombre de usuario o la contraseña son incorrectos
2025-11-03 19:08:05 [error]: [
  {
    "code": "invalid_type",
    "expected": "object",
    "received": "undefined",
    "path": [],
    "message": "Required"
  }
]
2025-11-03 19:08:06 [error]: [
  {
    "code": "invalid_type",
    "expected": "object",
    "received": "undefined",
    "path": [],
    "message": "Required"
  }
]
2025-11-03 19:08:08 [error]: [
  {
    "code": "invalid_type",
    "expected": "object",
    "received": "undefined",
    "path": [],
    "message": "Required"
  }
]
2025-11-03 19:09:35 [error]: [
  {
    "code": "invalid_type",
    "expected": "object",
    "received": "undefined",
    "path": [],
    "message": "Required"
  }
]
2025-11-03 19:09:39 [error]: [
  {
    "code": "invalid_type",
    "expected": "object",
    "received": "undefined",
    "path": [],
    "message": "Required"
  }
]
2025-11-03 19:09:47 [error]: [
  {
    "code": "invalid_type",
    "expected": "object",
    "received": "undefined",
    "path": [],
    "message": "Required"
  }
]
2025-11-03 19:11:33 [error]: El nombre de usuario o la contraseña son incorrectos
2025-11-03 19:21:30 [error]: Cannot read properties of undefined (reading '_parseAsync')
2025-11-03 19:22:35 [error]: Cannot read properties of undefined (reading '_parseAsync')
2025-11-03 22:03:33 [error]: El nombre de usuario o la contraseña son incorrectos
2025-11-04 22:40:05 [error]: El nombre de usuario o la contraseña son incorrectos
2025-11-04 22:43:17 [error]: El nombre de usuario o la contraseña son incorrectos
2025-11-04 22:43:24 [error]: El nombre de usuario o la contraseña son incorrectos
2025-11-04 22:44:26 [error]: El nombre de usuario o la contraseña son incorrectos
2025-11-04 22:46:18 [error]: El nombre de usuario o la contraseña son incorrectos
2025-11-04 22:46:21 [error]: El nombre de usuario o la contraseña son incorrectos
2025-11-04 22:53:58 [error]: El nombre de usuario o la contraseña son incorrectos
2025-11-04 22:55:18 [error]: El nombre de usuario o la contraseña son incorrectos
2025-11-04 22:55:23 [error]: El nombre de usuario o la contraseña son incorrectos
2025-11-04 22:55:39 [error]: El nombre de usuario o la contraseña son incorrectos
2025-11-04 22:55:41 [error]: El nombre de usuario o la contraseña son incorrectos
2025-11-04 22:55:42 [error]: El nombre de usuario o la contraseña son incorrectos
2025-11-04 22:55:48 [error]: El nombre de usuario o la contraseña son incorrectos
2025-11-04 22:55:54 [error]: El nombre de usuario o la contraseña son incorrectos
2025-11-04 22:56:52 [error]: El nombre de usuario o la contraseña son incorrectos
2025-11-04 23:19:14 [error]: El nombre de usuario o la contraseña son incorrectos
2025-11-04 23:19:19 [error]: El nombre de usuario o la contraseña son incorrectos
2025-11-04 23:19:23 [error]: El nombre de usuario o la contraseña son incorrectos
2025-11-04 23:19:25 [error]: El nombre de usuario o la contraseña son incorrectos
2025-11-04 23:19:29 [error]: El nombre de usuario o la contraseña son incorrectos
2025-11-04 23:19:50 [error]: El nombre de usuario o la contraseña son incorrectos
2025-11-04 23:20:03 [error]: El nombre de usuario o la contraseña son incorrectos
2025-11-04 23:20:10 [error]: El nombre de usuario o la contraseña son incorrectos
2025-11-04 23:21:15 [error]: El nombre de usuario o la contraseña son incorrectos
2025-11-04 23:21:34 [error]: El nombre de usuario o la contraseña son incorrectos
2025-11-04 23:22:14 [error]: El nombre de usuario o la contraseña son incorrectos
2025-11-04 23:22:16 [error]: El nombre de usuario o la contraseña son incorrectos
2025-11-04 23:22:17 [error]: El nombre de usuario o la contraseña son incorrectos
2025-11-04 23:23:44 [error]: El nombre de usuario o la contraseña son incorrectos
2025-11-04 23:24:16 [error]: El nombre de usuario o la contraseña son incorrectos
2025-11-04 23:31:03 [error]: El nombre de usuario o la contraseña son incorrectos
2025-11-04 23:31:09 [error]: El nombre de usuario o la contraseña son incorrectos
2025-11-04 23:31:09 [error]: El nombre de usuario o la contraseña son incorrectos
2025-11-04 23:40:55 [error]: El nombre de usuario o la contraseña son incorrectos
2025-11-04 23:44:18 [error]: El nombre de usuario o la contraseña son incorrectos
2025-11-04 23:48:59 [error]: El nombre de usuario o la contraseña son incorrectos
2025-11-04 23:49:34 [error]: El nombre de usuario o la contraseña son incorrectos
2025-11-04 23:50:19 [error]: Cannot read properties of undefined (reading 'replace')
2025-11-04 23:50:26 [error]: El nombre de usuario o la contraseña son incorrectos
2025-11-04 23:50:27 [error]: El nombre de usuario o la contraseña son incorrectos
2025-11-04 23:50:33 [error]: El nombre de usuario o la contraseña son incorrectos
2025-11-05 00:00:10 [error]: Cannot read properties of undefined (reading 'replace')
2025-11-05 00:00:20 [error]: El nombre de usuario o la contraseña son incorrectos
2025-11-05 00:00:27 [error]: El nombre de usuario o la contraseña son incorrectos
2025-11-05 00:00:38 [error]: El nombre de usuario o la contraseña son incorrectos
2025-11-05 00:00:40 [error]: El nombre de usuario o la contraseña son incorrectos
2025-11-05 00:01:03 [error]: Cannot read properties of undefined (reading 'replace')
2025-11-05 00:01:12 [error]: El nombre de usuario o la contraseña son incorrectos
2025-11-05 15:15:33 [error]: Cannot read properties of undefined (reading 'replace')
2025-11-05 15:15:44 [error]: El nombre de usuario o la contraseña son incorrectos
2025-11-05 15:15:59 [error]: El nombre de usuario o la contraseña son incorrectos
2025-11-05 15:16:29 [error]: Cannot read properties of undefined (reading 'replace')
2025-11-05 15:17:46 [error]: El nombre de usuario o la contraseña son incorrectos
2025-11-05 15:19:44 [error]: El nombre de usuario o la contraseña son incorrectos
2025-11-13 20:13:12 [error]: [
  {
    "code": "invalid_type",
    "expected": "object",
    "received": "undefined",
    "path": [],
    "message": "Required"
  }
]
2025-11-13 20:13:14 [error]: [
  {
    "code": "invalid_type",
    "expected": "object",
    "received": "undefined",
    "path": [],
    "message": "Required"
  }
]
2025-11-13 20:13:16 [error]: [
  {
    "code": "invalid_type",
    "expected": "object",
    "received": "undefined",
    "path": [],
    "message": "Required"
  }
]
2025-11-25 16:31:41 [error]: [
  {
    "code": "invalid_type",
    "expected": "object",
    "received": "undefined",
    "path": [],
    "message": "Required"
  }
]
2025-11-25 16:31:42 [error]: [
  {
    "code": "invalid_type",
    "expected": "object",
    "received": "undefined",
    "path": [],
    "message": "Required"
  }
]
2025-11-25 16:31:44 [error]: [
  {
    "code": "invalid_type",
    "expected": "object",
    "received": "undefined",
    "path": [],
    "message": "Required"
  }
]
2025-11-25 16:31:48 [error]: [
  {
    "code": "invalid_type",
    "expected": "object",
    "received": "undefined",
    "path": [],
    "message": "Required"
  }
]
2025-11-25 16:31:52 [error]: [
  {
    "code": "invalid_type",
    "expected": "object",
    "received": "undefined",
    "path": [],
    "message": "Required"
  }
]
2025-11-25 16:31:53 [error]: [
  {
    "code": "invalid_type",
    "expected": "object",
    "received": "undefined",
    "path": [],
    "message": "Required"
  }
]
2025-11-25 16:31:55 [error]: [
  {
    "code": "invalid_type",
    "expected": "object",
    "received": "undefined",
    "path": [],
    "message": "Required"
  }
]
2025-11-25 16:31:57 [error]: [
  {
    "code": "invalid_type",
    "expected": "object",
    "received": "undefined",
    "path": [],
    "message": "Required"
  }
]
2025-11-25 16:31:58 [error]: [
  {
    "code": "invalid_type",
    "expected": "object",
    "received": "undefined",
    "path": [],
    "message": "Required"
  }
]
2025-11-25 16:32:00 [error]: [
  {
    "code": "invalid_type",
    "expected": "object",
    "received": "undefined",
    "path": [],
    "message": "Required"
  }
]
